<?xml version="1.0" encoding="UTF-8"?>
<!-- Generated by org.testng.reporters.JUnitXMLReporter -->
<testsuite hostname="CO-00000220" ignored="0" name="Command line test" tests="3" failures="0" timestamp="25 may 2020 13:42:52 GMT" time="0.062" errors="0">
  <testcase name="DeactivatedTest" time="0.001" classname="com.espn.test.TestDeactivatedAccountESPN"/>
  <testcase name="LogInTest" time="0.002" classname="com.espn.test.TestLoginESPN"/>
  <testcase name="LogOutTest" time="0.001" classname="com.espn.test.TestLogOutESPN"/>
</testsuite> <!-- Command line test -->
