<?xml version="1.0" encoding="UTF-8"?>
<testng-results skipped="0" failed="0" ignored="0" total="3" passed="3">
  <reporter-output>
  </reporter-output>
  <suite name="Command line suite" duration-ms="62" started-at="2020-05-25T13:42:52Z" finished-at="2020-05-25T13:42:52Z">
    <groups>
    </groups>
    <test name="Command line test" duration-ms="62" started-at="2020-05-25T13:42:52Z" finished-at="2020-05-25T13:42:52Z">
      <class name="com.espn.test.TestLoginESPN">
        <test-method status="PASS" signature="beforeClass()[pri:0, instance:com.espn.test.TestLoginESPN@78169680]" name="beforeClass" is-config="true" duration-ms="1" started-at="2020-05-25T13:42:52Z" finished-at="2020-05-25T13:42:52Z">
          <reporter-output>
          </reporter-output>
        </test-method> <!-- beforeClass -->
        <test-method status="PASS" signature="beforeMethod()[pri:0, instance:com.espn.test.TestLoginESPN@78169680]" name="beforeMethod" is-config="true" duration-ms="6" started-at="2020-05-25T13:42:52Z" finished-at="2020-05-25T13:42:52Z">
          <reporter-output>
          </reporter-output>
        </test-method> <!-- beforeMethod -->
        <test-method status="PASS" signature="LogInTest()[pri:0, instance:com.espn.test.TestLoginESPN@78169680]" name="LogInTest" duration-ms="2" started-at="2020-05-25T13:42:52Z" finished-at="2020-05-25T13:42:52Z">
          <reporter-output>
          </reporter-output>
        </test-method> <!-- LogInTest -->
        <test-method status="PASS" signature="afterMethod()[pri:0, instance:com.espn.test.TestLoginESPN@78169680]" name="afterMethod" is-config="true" duration-ms="2" started-at="2020-05-25T13:42:52Z" finished-at="2020-05-25T13:42:52Z">
          <reporter-output>
          </reporter-output>
        </test-method> <!-- afterMethod -->
        <test-method status="PASS" signature="afterClass()[pri:0, instance:com.espn.test.TestLoginESPN@78169680]" name="afterClass" is-config="true" duration-ms="1" started-at="2020-05-25T13:42:52Z" finished-at="2020-05-25T13:42:52Z">
          <reporter-output>
          </reporter-output>
        </test-method> <!-- afterClass -->
      </class> <!-- com.espn.test.TestLoginESPN -->
      <class name="com.espn.test.TestDeactivatedAccountESPN">
        <test-method status="PASS" signature="beforeSuite()[pri:0, instance:com.espn.test.TestDeactivatedAccountESPN@71971d92]" name="beforeSuite" is-config="true" duration-ms="18" started-at="2020-05-25T13:42:52Z" finished-at="2020-05-25T13:42:52Z">
          <reporter-output>
          </reporter-output>
        </test-method> <!-- beforeSuite -->
        <test-method status="PASS" signature="beforeSuite()[pri:0, instance:com.espn.test.TestLogOutESPN@12f2eb18]" name="beforeSuite" is-config="true" duration-ms="1" started-at="2020-05-25T13:42:52Z" finished-at="2020-05-25T13:42:52Z">
          <reporter-output>
          </reporter-output>
        </test-method> <!-- beforeSuite -->
        <test-method status="PASS" signature="beforeSuite()[pri:0, instance:com.espn.test.TestLoginESPN@78169680]" name="beforeSuite" is-config="true" duration-ms="0" started-at="2020-05-25T13:42:52Z" finished-at="2020-05-25T13:42:52Z">
          <reporter-output>
          </reporter-output>
        </test-method> <!-- beforeSuite -->
        <test-method status="PASS" signature="beforeTest()[pri:0, instance:com.espn.test.TestLogOutESPN@12f2eb18]" name="beforeTest" is-config="true" duration-ms="1" started-at="2020-05-25T13:42:52Z" finished-at="2020-05-25T13:42:52Z">
          <reporter-output>
          </reporter-output>
        </test-method> <!-- beforeTest -->
        <test-method status="PASS" signature="beforeTest()[pri:0, instance:com.espn.test.TestDeactivatedAccountESPN@71971d92]" name="beforeTest" is-config="true" duration-ms="0" started-at="2020-05-25T13:42:52Z" finished-at="2020-05-25T13:42:52Z">
          <reporter-output>
          </reporter-output>
        </test-method> <!-- beforeTest -->
        <test-method status="PASS" signature="beforeTest()[pri:0, instance:com.espn.test.TestLoginESPN@78169680]" name="beforeTest" is-config="true" duration-ms="0" started-at="2020-05-25T13:42:52Z" finished-at="2020-05-25T13:42:52Z">
          <reporter-output>
          </reporter-output>
        </test-method> <!-- beforeTest -->
        <test-method status="PASS" signature="beforeClass()[pri:0, instance:com.espn.test.TestDeactivatedAccountESPN@71971d92]" name="beforeClass" is-config="true" duration-ms="0" started-at="2020-05-25T13:42:52Z" finished-at="2020-05-25T13:42:52Z">
          <reporter-output>
          </reporter-output>
        </test-method> <!-- beforeClass -->
        <test-method status="PASS" signature="beforeMethod()[pri:0, instance:com.espn.test.TestDeactivatedAccountESPN@71971d92]" name="beforeMethod" is-config="true" duration-ms="1" started-at="2020-05-25T13:42:52Z" finished-at="2020-05-25T13:42:52Z">
          <reporter-output>
          </reporter-output>
        </test-method> <!-- beforeMethod -->
        <test-method status="PASS" signature="DeactivatedTest()[pri:0, instance:com.espn.test.TestDeactivatedAccountESPN@71971d92]" name="DeactivatedTest" duration-ms="1" started-at="2020-05-25T13:42:52Z" finished-at="2020-05-25T13:42:52Z">
          <reporter-output>
          </reporter-output>
        </test-method> <!-- DeactivatedTest -->
        <test-method status="PASS" signature="afterMethod()[pri:0, instance:com.espn.test.TestDeactivatedAccountESPN@71971d92]" name="afterMethod" is-config="true" duration-ms="0" started-at="2020-05-25T13:42:52Z" finished-at="2020-05-25T13:42:52Z">
          <reporter-output>
          </reporter-output>
        </test-method> <!-- afterMethod -->
        <test-method status="PASS" signature="afterClass()[pri:0, instance:com.espn.test.TestDeactivatedAccountESPN@71971d92]" name="afterClass" is-config="true" duration-ms="1" started-at="2020-05-25T13:42:52Z" finished-at="2020-05-25T13:42:52Z">
          <reporter-output>
          </reporter-output>
        </test-method> <!-- afterClass -->
        <test-method status="PASS" signature="afterTest()[pri:0, instance:com.espn.test.TestDeactivatedAccountESPN@71971d92]" name="afterTest" is-config="true" duration-ms="2" started-at="2020-05-25T13:42:52Z" finished-at="2020-05-25T13:42:52Z">
          <reporter-output>
          </reporter-output>
        </test-method> <!-- afterTest -->
        <test-method status="PASS" signature="afterTest()[pri:0, instance:com.espn.test.TestLogOutESPN@12f2eb18]" name="afterTest" is-config="true" duration-ms="1" started-at="2020-05-25T13:42:52Z" finished-at="2020-05-25T13:42:52Z">
          <reporter-output>
          </reporter-output>
        </test-method> <!-- afterTest -->
        <test-method status="PASS" signature="afterTest()[pri:0, instance:com.espn.test.TestLoginESPN@78169680]" name="afterTest" is-config="true" duration-ms="1" started-at="2020-05-25T13:42:52Z" finished-at="2020-05-25T13:42:52Z">
          <reporter-output>
          </reporter-output>
        </test-method> <!-- afterTest -->
        <test-method status="PASS" signature="afterSuite()[pri:0, instance:com.espn.test.TestDeactivatedAccountESPN@71971d92]" name="afterSuite" is-config="true" duration-ms="1" started-at="2020-05-25T13:42:52Z" finished-at="2020-05-25T13:42:52Z">
          <reporter-output>
          </reporter-output>
        </test-method> <!-- afterSuite -->
        <test-method status="PASS" signature="afterSuite()[pri:0, instance:com.espn.test.TestLogOutESPN@12f2eb18]" name="afterSuite" is-config="true" duration-ms="1" started-at="2020-05-25T13:42:52Z" finished-at="2020-05-25T13:42:52Z">
          <reporter-output>
          </reporter-output>
        </test-method> <!-- afterSuite -->
        <test-method status="PASS" signature="afterSuite()[pri:0, instance:com.espn.test.TestLoginESPN@78169680]" name="afterSuite" is-config="true" duration-ms="0" started-at="2020-05-25T13:42:52Z" finished-at="2020-05-25T13:42:52Z">
          <reporter-output>
          </reporter-output>
        </test-method> <!-- afterSuite -->
      </class> <!-- com.espn.test.TestDeactivatedAccountESPN -->
      <class name="com.espn.test.TestLogOutESPN">
        <test-method status="PASS" signature="beforeClass()[pri:0, instance:com.espn.test.TestLogOutESPN@12f2eb18]" name="beforeClass" is-config="true" duration-ms="1" started-at="2020-05-25T13:42:52Z" finished-at="2020-05-25T13:42:52Z">
          <reporter-output>
          </reporter-output>
        </test-method> <!-- beforeClass -->
        <test-method status="PASS" signature="beforeMethod()[pri:0, instance:com.espn.test.TestLogOutESPN@12f2eb18]" name="beforeMethod" is-config="true" duration-ms="1" started-at="2020-05-25T13:42:52Z" finished-at="2020-05-25T13:42:52Z">
          <reporter-output>
          </reporter-output>
        </test-method> <!-- beforeMethod -->
        <test-method status="PASS" signature="LogOutTest()[pri:0, instance:com.espn.test.TestLogOutESPN@12f2eb18]" name="LogOutTest" duration-ms="1" started-at="2020-05-25T13:42:52Z" finished-at="2020-05-25T13:42:52Z">
          <reporter-output>
          </reporter-output>
        </test-method> <!-- LogOutTest -->
        <test-method status="PASS" signature="afterMethod()[pri:0, instance:com.espn.test.TestLogOutESPN@12f2eb18]" name="afterMethod" is-config="true" duration-ms="2" started-at="2020-05-25T13:42:52Z" finished-at="2020-05-25T13:42:52Z">
          <reporter-output>
          </reporter-output>
        </test-method> <!-- afterMethod -->
        <test-method status="PASS" signature="afterClass()[pri:0, instance:com.espn.test.TestLogOutESPN@12f2eb18]" name="afterClass" is-config="true" duration-ms="1" started-at="2020-05-25T13:42:52Z" finished-at="2020-05-25T13:42:52Z">
          <reporter-output>
          </reporter-output>
        </test-method> <!-- afterClass -->
      </class> <!-- com.espn.test.TestLogOutESPN -->
    </test> <!-- Command line test -->
  </suite> <!-- Command line suite -->
</testng-results>
