<?xml version="1.0" encoding="UTF-8"?>
<!-- Generated by org.testng.reporters.JUnitXMLReporter -->
<testsuite hostname="CO-IT01517" ignored="0" name="Travel test" tests="3" failures="0" timestamp="30 Jun 2020 18:19:57 GMT" time="51.635" errors="0">
  <testcase name="searchFlightAndVerifyResult" time="23.11" classname="com.globant.web.tests.TraveloFlightBookingTest"/>
  <testcase name="selectFlightsAndGoDetails" time="20.484" classname="com.globant.web.tests.TraveloFlightBookingTest"/>
  <testcase name="gotoBookingValidationAndPassengerInfo" time="8.01" classname="com.globant.web.tests.TraveloFlightBookingTest"/>
</testsuite> <!-- Travel test -->
